::1 - - [08/Mar/2024:17:40:22 +0000] "GET / HTTP/1.1" - -
::1 - - [08/Mar/2024:17:40:39 +0000] "GET / HTTP/1.1" - -
::1 - - [08/Mar/2024:17:40:41 +0000] "GET / HTTP/1.1" - -
::1 - - [08/Mar/2024:17:59:36 +0000] "GET / HTTP/1.1" - -
::1 - - [08/Mar/2024:17:59:43 +0000] "GET / HTTP/1.1" - -
::1 - - [08/Mar/2024:18:00:20 +0000] "GET / HTTP/1.1" - -
::1 - - [08/Mar/2024:18:00:21 +0000] "GET / HTTP/1.1" - -
::1 - - [08/Mar/2024:18:00:21 +0000] "GET / HTTP/1.1" - -
::1 - - [08/Mar/2024:18:00:21 +0000] "GET / HTTP/1.1" - -
::1 - - [08/Mar/2024:18:00:22 +0000] "GET / HTTP/1.1" - -
::1 - - [08/Mar/2024:18:00:22 +0000] "GET / HTTP/1.1" - -
::1 - - [08/Mar/2024:18:00:22 +0000] "GET / HTTP/1.1" - -
::1 - - [08/Mar/2024:18:00:22 +0000] "GET / HTTP/1.1" - -
::1 - - [08/Mar/2024:18:00:42 +0000] "GET / HTTP/1.1" - -
::1 - - [08/Mar/2024:18:00:42 +0000] "GET /public/style.css HTTP/1.1" - -
::1 - - [08/Mar/2024:18:00:43 +0000] "GET / HTTP/1.1" - -
::1 - - [08/Mar/2024:18:00:43 +0000] "GET /public/style.css HTTP/1.1" - -
::1 - - [08/Mar/2024:18:00:43 +0000] "GET / HTTP/1.1" - -
::1 - - [08/Mar/2024:18:00:43 +0000] "GET /public/style.css HTTP/1.1" - -
::1 - - [08/Mar/2024:18:00:45 +0000] "GET / HTTP/1.1" - -
::1 - - [08/Mar/2024:18:00:45 +0000] "GET /public/style.css HTTP/1.1" - -
::1 - - [08/Mar/2024:18:00:49 +0000] "GET / HTTP/1.1" - -
::1 - - [08/Mar/2024:18:00:49 +0000] "GET /public/style.css HTTP/1.1" - -
::1 - - [08/Mar/2024:18:00:49 +0000] "GET / HTTP/1.1" - -
::1 - - [08/Mar/2024:18:00:49 +0000] "GET /public/style.css HTTP/1.1" - -
::1 - - [08/Mar/2024:18:00:49 +0000] "GET / HTTP/1.1" - -
::1 - - [08/Mar/2024:18:00:49 +0000] "GET /public/style.css HTTP/1.1" - -
::1 - - [08/Mar/2024:18:00:52 +0000] "GET / HTTP/1.1" - -
::1 - - [08/Mar/2024:18:00:52 +0000] "GET /public/style.css HTTP/1.1" - -
::1 - - [08/Mar/2024:18:00:53 +0000] "GET / HTTP/1.1" - -
::1 - - [08/Mar/2024:18:00:53 +0000] "GET /public/style.css HTTP/1.1" - -
::1 - - [08/Mar/2024:18:00:53 +0000] "GET / HTTP/1.1" - -
::1 - - [08/Mar/2024:18:00:53 +0000] "GET /public/style.css HTTP/1.1" - -
::1 - - [08/Mar/2024:18:00:53 +0000] "GET / HTTP/1.1" - -
::1 - - [08/Mar/2024:18:00:53 +0000] "GET /public/style.css HTTP/1.1" - -
::1 - - [08/Mar/2024:18:00:53 +0000] "GET / HTTP/1.1" - -
::1 - - [08/Mar/2024:18:00:53 +0000] "GET /public/style.css HTTP/1.1" - -
::1 - - [08/Mar/2024:18:00:53 +0000] "GET / HTTP/1.1" - -
::1 - - [08/Mar/2024:18:00:53 +0000] "GET /public/style.css HTTP/1.1" - -
::1 - - [08/Mar/2024:18:01:22 +0000] "GET / HTTP/1.1" - -
::1 - - [08/Mar/2024:18:01:22 +0000] "GET /public/style.css HTTP/1.1" - -
::1 - - [08/Mar/2024:18:01:23 +0000] "GET / HTTP/1.1" - -
::1 - - [08/Mar/2024:18:01:23 +0000] "GET /public/style.css HTTP/1.1" - -
::1 - - [08/Mar/2024:18:01:23 +0000] "GET / HTTP/1.1" - -
::1 - - [08/Mar/2024:18:01:23 +0000] "GET /public/style.css HTTP/1.1" - -
::1 - - [08/Mar/2024:18:01:23 +0000] "GET / HTTP/1.1" - -
::1 - - [08/Mar/2024:18:01:23 +0000] "GET /public/style.css HTTP/1.1" - -
::1 - - [08/Mar/2024:18:01:25 +0000] "GET /public/style.css HTTP/1.1" - -
::1 - - [08/Mar/2024:18:02:18 +0000] "GET / HTTP/1.1" - -
::1 - - [08/Mar/2024:18:02:19 +0000] "GET / HTTP/1.1" - -
::1 - - [08/Mar/2024:18:02:20 +0000] "GET / HTTP/1.1" - -
::1 - - [08/Mar/2024:18:02:20 +0000] "GET / HTTP/1.1" - -
::1 - - [08/Mar/2024:18:02:20 +0000] "GET / HTTP/1.1" - -
::1 - - [08/Mar/2024:18:02:20 +0000] "GET / HTTP/1.1" - -
::1 - - [08/Mar/2024:18:02:28 +0000] "GET / HTTP/1.1" - -
::1 - - [08/Mar/2024:18:02:28 +0000] "GET / HTTP/1.1" - -
::1 - - [08/Mar/2024:18:02:29 +0000] "GET / HTTP/1.1" - -
::1 - - [08/Mar/2024:18:02:29 +0000] "GET / HTTP/1.1" - -
::1 - - [08/Mar/2024:18:02:29 +0000] "GET / HTTP/1.1" - -
::1 - - [08/Mar/2024:18:02:29 +0000] "GET / HTTP/1.1" - -
::1 - - [08/Mar/2024:18:02:29 +0000] "GET / HTTP/1.1" - -
::1 - - [08/Mar/2024:18:02:56 +0000] "GET / HTTP/1.1" - -
::1 - - [08/Mar/2024:18:02:56 +0000] "GET /public/style.css HTTP/1.1" - -
::1 - - [08/Mar/2024:18:02:57 +0000] "GET / HTTP/1.1" - -
::1 - - [08/Mar/2024:18:02:58 +0000] "GET /public/style.css HTTP/1.1" - -
::1 - - [08/Mar/2024:18:03:04 +0000] "GET / HTTP/1.1" - -
::1 - - [08/Mar/2024:18:03:04 +0000] "GET /public/style.css HTTP/1.1" - -
::1 - - [08/Mar/2024:18:03:05 +0000] "GET / HTTP/1.1" - -
::1 - - [08/Mar/2024:18:03:05 +0000] "GET /public/style.css HTTP/1.1" - -
::1 - - [08/Mar/2024:18:03:06 +0000] "GET / HTTP/1.1" - -
::1 - - [08/Mar/2024:18:03:06 +0000] "GET /public/style.css HTTP/1.1" - -
::1 - - [08/Mar/2024:18:03:11 +0000] "GET / HTTP/1.1" - -
::1 - - [08/Mar/2024:18:03:11 +0000] "GET /public/style.css HTTP/1.1" - -
::1 - - [08/Mar/2024:18:03:11 +0000] "GET / HTTP/1.1" - -
::1 - - [08/Mar/2024:18:03:11 +0000] "GET /public/style.css HTTP/1.1" - -
::1 - - [08/Mar/2024:18:03:12 +0000] "GET / HTTP/1.1" - -
::1 - - [08/Mar/2024:18:03:12 +0000] "GET /public/style.css HTTP/1.1" - -
::1 - - [08/Mar/2024:18:03:12 +0000] "GET / HTTP/1.1" - -
::1 - - [08/Mar/2024:18:03:12 +0000] "GET /public/style.css HTTP/1.1" - -
::1 - - [08/Mar/2024:18:03:12 +0000] "GET / HTTP/1.1" - -
::1 - - [08/Mar/2024:18:03:12 +0000] "GET /public/style.css HTTP/1.1" - -
::1 - - [08/Mar/2024:18:03:13 +0000] "GET / HTTP/1.1" - -
::1 - - [08/Mar/2024:18:03:13 +0000] "GET /public/style.css HTTP/1.1" - -
::1 - - [08/Mar/2024:18:03:21 +0000] "GET / HTTP/1.1" - -
::1 - - [08/Mar/2024:18:03:21 +0000] "GET /public/style.css HTTP/1.1" - -
::1 - - [08/Mar/2024:18:03:21 +0000] "GET / HTTP/1.1" - -
::1 - - [08/Mar/2024:18:03:21 +0000] "GET /public/style.css HTTP/1.1" - -
::1 - - [08/Mar/2024:18:03:21 +0000] "GET / HTTP/1.1" - -
::1 - - [08/Mar/2024:18:03:21 +0000] "GET /public/style.css HTTP/1.1" - -
::1 - - [08/Mar/2024:18:03:21 +0000] "GET / HTTP/1.1" - -
::1 - - [08/Mar/2024:18:03:21 +0000] "GET /public/style.css HTTP/1.1" - -
::1 - - [08/Mar/2024:18:04:22 +0000] "GET / HTTP/1.1" - -
::1 - - [08/Mar/2024:18:04:23 +0000] "GET / HTTP/1.1" - -
::1 - - [08/Mar/2024:18:04:24 +0000] "GET / HTTP/1.1" - -
::1 - - [08/Mar/2024:18:04:24 +0000] "GET / HTTP/1.1" - -
::1 - - [08/Mar/2024:18:04:24 +0000] "GET / HTTP/1.1" - -
::1 - - [08/Mar/2024:18:04:25 +0000] "GET / HTTP/1.1" - -
::1 - - [08/Mar/2024:18:04:52 +0000] "GET / HTTP/1.1" - -
::1 - - [08/Mar/2024:18:04:53 +0000] "GET / HTTP/1.1" - -
::1 - - [08/Mar/2024:18:05:03 +0000] "GET / HTTP/1.1" - -
::1 - - [08/Mar/2024:18:05:04 +0000] "GET / HTTP/1.1" - -
::1 - - [08/Mar/2024:18:05:18 +0000] "GET / HTTP/1.1" - -
::1 - - [08/Mar/2024:18:05:18 +0000] "GET / HTTP/1.1" - -
::1 - - [08/Mar/2024:18:05:47 +0000] "GET / HTTP/1.1" - -
::1 - - [08/Mar/2024:18:06:20 +0000] "GET / HTTP/1.1" - -
::1 - - [08/Mar/2024:18:10:04 +0000] "GET / HTTP/1.1" - -
::1 - - [08/Mar/2024:18:10:04 +0000] "GET / HTTP/1.1" - -
::1 - - [08/Mar/2024:18:10:05 +0000] "GET / HTTP/1.1" - -
::1 - - [08/Mar/2024:18:10:30 +0000] "GET / HTTP/1.1" - -
::1 - - [08/Mar/2024:18:10:31 +0000] "GET / HTTP/1.1" - -
::1 - - [08/Mar/2024:18:10:32 +0000] "GET / HTTP/1.1" - -
::1 - - [08/Mar/2024:18:10:32 +0000] "GET / HTTP/1.1" - -
::1 - - [08/Mar/2024:18:10:32 +0000] "GET / HTTP/1.1" - -
::1 - - [08/Mar/2024:18:10:51 +0000] "GET / HTTP/1.1" - -
::1 - - [08/Mar/2024:18:13:04 +0000] "GET / HTTP/1.1" - -
::1 - - [08/Mar/2024:18:20:47 +0000] "GET / HTTP/1.1" - -
::1 - - [08/Mar/2024:18:20:49 +0000] "GET /movie/delete/1 HTTP/1.1" - -
::1 - - [08/Mar/2024:18:20:57 +0000] "GET / HTTP/1.1" - -
::1 - - [08/Mar/2024:19:01:10 +0000] "GET /movie/delete/3 HTTP/1.1" - -
::1 - - [08/Mar/2024:19:01:12 +0000] "GET /movie/delete/3 HTTP/1.1" - -
::1 - - [08/Mar/2024:19:03:24 +0000] "GET /movie/delete/3 HTTP/1.1" - -
::1 - - [08/Mar/2024:19:03:31 +0000] "GET /movie/delete/1 HTTP/1.1" - -
::1 - - [08/Mar/2024:19:03:36 +0000] "GET /movie/delete/1 HTTP/1.1" - -
::1 - - [08/Mar/2024:19:05:49 +0000] "GET /movie/delete/1 HTTP/1.1" - -
::1 - - [08/Mar/2024:19:06:23 +0000] "GET / HTTP/1.1" - -
::1 - - [08/Mar/2024:19:06:24 +0000] "GET /movie/delete/1 HTTP/1.1" - -
::1 - - [08/Mar/2024:19:07:47 +0000] "GET /movie/delete/1 HTTP/1.1" - -
::1 - - [08/Mar/2024:19:07:52 +0000] "GET /movie/delete/10 HTTP/1.1" - -
::1 - - [08/Mar/2024:19:07:54 +0000] "GET /movie/delete/10 HTTP/1.1" - -
::1 - - [08/Mar/2024:19:07:54 +0000] "GET /movie/delete/10 HTTP/1.1" - -
::1 - - [08/Mar/2024:19:08:00 +0000] "GET /movie/delete/1 HTTP/1.1" - -
::1 - - [08/Mar/2024:19:08:59 +0000] "GET /movie/delete/1 HTTP/1.1" - -
::1 - - [08/Mar/2024:19:09:02 +0000] "GET /movie/delete/2 HTTP/1.1" - -
::1 - - [08/Mar/2024:19:12:53 +0000] "GET /movie/delete/2 HTTP/1.1" - -
::1 - - [08/Mar/2024:19:13:31 +0000] "GET /movie/delete/2 HTTP/1.1" - -
::1 - - [08/Mar/2024:19:13:33 +0000] "GET /movie/delete/1 HTTP/1.1" - -
::1 - - [08/Mar/2024:19:13:41 +0000] "GET /movie/delete/1 HTTP/1.1" - -
::1 - - [08/Mar/2024:19:13:43 +0000] "GET /movie/delete/1 HTTP/1.1" - -
::1 - - [08/Mar/2024:19:16:37 +0000] "GET /movie/delete/2 HTTP/1.1" - -
::1 - - [08/Mar/2024:19:16:39 +0000] "GET /movie/delete/2 HTTP/1.1" - -
::1 - - [08/Mar/2024:19:16:41 +0000] "GET /movie/delete/3 HTTP/1.1" - -
::1 - - [08/Mar/2024:20:04:14 +0000] "GET /movie/delete/3 HTTP/1.1" - -
::1 - - [08/Mar/2024:20:04:16 +0000] "GET / HTTP/1.1" - -
::1 - - [08/Mar/2024:20:04:17 +0000] "GET / HTTP/1.1" - -
::1 - - [08/Mar/2024:20:04:18 +0000] "GET /movie/form/3 HTTP/1.1" - -
::1 - - [08/Mar/2024:20:33:54 +0000] "GET /form HTTP/1.1" - -
::1 - - [08/Mar/2024:20:34:20 +0000] "GET /form HTTP/1.1" - -
::1 - - [08/Mar/2024:20:34:42 +0000] "POST /movie/save HTTP/1.1" - -
::1 - - [08/Mar/2024:20:47:25 +0000] "POST /movie/save HTTP/1.1" - -
::1 - - [08/Mar/2024:20:47:27 +0000] "GET /form HTTP/1.1" - -
::1 - - [08/Mar/2024:20:47:32 +0000] "POST /movie/save HTTP/1.1" - -
::1 - - [08/Mar/2024:20:47:56 +0000] "GET /movie/form/1 HTTP/1.1" - -
::1 - - [08/Mar/2024:20:47:59 +0000] "GET /movie/delete/1 HTTP/1.1" - -
::1 - - [08/Mar/2024:21:02:59 +0000] "GET / HTTP/1.1" - -
::1 - - [08/Mar/2024:21:03:01 +0000] "GET /movie/form HTTP/1.1" - -
::1 - - [08/Mar/2024:21:09:46 +0000] "GET /movie/form HTTP/1.1" - -
::1 - - [08/Mar/2024:21:09:48 +0000] "GET / HTTP/1.1" - -
::1 - - [08/Mar/2024:21:09:49 +0000] "GET /movie/delete/1 HTTP/1.1" - -
::1 - - [08/Mar/2024:21:10:30 +0000] "GET / HTTP/1.1" - -
::1 - - [08/Mar/2024:21:10:31 +0000] "GET /movie/delete/1 HTTP/1.1" - -
::1 - - [08/Mar/2024:21:10:33 +0000] "GET / HTTP/1.1" - -
::1 - - [08/Mar/2024:21:12:36 +0000] "GET /movie/delete/1 HTTP/1.1" - -
::1 - - [08/Mar/2024:21:12:52 +0000] "GET /movie/delete/1 HTTP/1.1" - -
::1 - - [08/Mar/2024:21:14:18 +0000] "GET /movie/delete/1 HTTP/1.1" - -
::1 - - [08/Mar/2024:21:14:19 +0000] "GET / HTTP/1.1" - -
::1 - - [08/Mar/2024:21:14:20 +0000] "GET /movie/delete/1 HTTP/1.1" - -
::1 - - [08/Mar/2024:21:15:24 +0000] "GET /movie/delete/1 HTTP/1.1" - -
::1 - - [08/Mar/2024:21:18:40 +0000] "GET /movie/delete/1 HTTP/1.1" - -
